This is pdfTeX, Version 3.141592-1.40.5 (Web2C 7.5.5) (format=pdflatex 2008.3.4)  10 JUN 2010 15:02
entering extended mode
**cover.tex
(./cover.tex
LaTeX2e <2005/12/01>
Babel <v3.8h> and hyphenation patterns for american, french, german, ngerman, b
ahasa, basque, bulgarian, catalan, croatian, czech, danish, dutch, esperanto, e
stonian, finnish, greek, icelandic, irish, italian, latin, magyar, norsk, polis
h, portuges, romanian, russian, serbian, slovak, slovene, spanish, swedish, tur
kish, ukrainian, nohyphenation, loaded.

! LaTeX Error: Missing \begin{document}.

See the LaTeX manual or LaTeX Companion for explanation.
Type  H <return>  for immediate help.
 ...                                              
                                                  
l.26 \logoeufar
               
You're in trouble here.  Try typing  <return>  to proceed.
If that doesn't work, type  X <return>  to quit.

! Undefined control sequence.
\logoeufar ->\noindent \includegraphics 
                                        [width=2.5cm]{cover/eufar_a_sm}\vspa...
l.26 \logoeufar
               
The control sequence at the end of the top line
of your error message was never \def'ed. If you have
misspelled it (e.g., `\hobx'), type `I' and the correct
spelling (e.g., `I\hbox'). Otherwise just continue,
and I'll forget about whatever was undefined.

Missing character: There is no [ in font nullfont!
Missing character: There is no w in font nullfont!
Missing character: There is no i in font nullfont!
Missing character: There is no d in font nullfont!
Missing character: There is no t in font nullfont!
Missing character: There is no h in font nullfont!
Missing character: There is no = in font nullfont!
Missing character: There is no 2 in font nullfont!
Missing character: There is no . in font nullfont!
Missing character: There is no 5 in font nullfont!
Missing character: There is no c in font nullfont!
Missing character: There is no m in font nullfont!
Missing character: There is no ] in font nullfont!
Missing character: There is no c in font nullfont!
Missing character: There is no o in font nullfont!
Missing character: There is no v in font nullfont!
Missing character: There is no e in font nullfont!
Missing character: There is no r in font nullfont!
Missing character: There is no / in font nullfont!
Missing character: There is no e in font nullfont!
Missing character: There is no u in font nullfont!
Missing character: There is no f in font nullfont!
Missing character: There is no a in font nullfont!
Missing character: There is no r in font nullfont!
! Missing $ inserted.
<inserted text> 
                $
l.26 \logoeufar
               
I've inserted a begin-math/end-math symbol since I think
you left one out. Proceed, with fingers crossed.

LaTeX Font Info:    External font `cmex10' loaded for size
(Font)              <7> on input line 26.
LaTeX Font Info:    External font `cmex10' loaded for size
(Font)              <5> on input line 26.
! Double subscript.
\logoeufar ...raphics [width=2.5cm]{cover/eufar_a_
                                                  sm}\vspace {0.2cm}\hrule 
l.26 \logoeufar
               
I treat `x_1_2' essentially like `x_1{}_2'.

! Extra }, or forgotten $.
\logoeufar ...hics [width=2.5cm]{cover/eufar_a_sm}
                                                  \vspace {0.2cm}\hrule 
l.26 \logoeufar
               
I've deleted a group-closing symbol because it seems to be
spurious, as in `$x}$'. But perhaps the } is legitimate and
you forgot something else, as in `\hbox{$x}'. In such cases
the way to recover is to insert both the forgotten and the
deleted material, e.g., by typing `I$}'.

! Missing $ inserted.
<inserted text> 
                $
l.26 \logoeufar
               
I've inserted a begin-math/end-math symbol since I think
you left one out. Proceed, with fingers crossed.


Overfull \hbox (17.8921pt too wide) in paragraph at lines 26--26
$[][]\OML/cmm/m/it/10 m$ 
 []


! LaTeX Error: Missing \begin{document}.

See the LaTeX manual or LaTeX Companion for explanation.
Type  H <return>  for immediate help.
 ...                                              
                                                  
l.27 ...EUFAR FP7}{N6SP - Standards and Protocols}
                                                  
You're in trouble here.  Try typing  <return>  to proceed.
If that doesn't work, type  X <return>  to quit.


Overfull \hbox (20.0pt too wide) in paragraph at lines 27--27
[] 
 []

! Undefined control sequence.
<recently read> \huge 
                      
l.27 ...EUFAR FP7}{N6SP - Standards and Protocols}
                                                  
The control sequence at the end of the top line
of your error message was never \def'ed. If you have
misspelled it (e.g., `\hobx'), type `I' and the correct
spelling (e.g., `I\hbox'). Otherwise just continue,
and I'll forget about whatever was undefined.


Overfull \hbox (40.49977pt too wide) in paragraph at lines 27--27
 \OT1/cmr/bx/n/10 EGADS 
 []


Overfull \hbox (15.72214pt too wide) in paragraph at lines 27--27
 \OT1/cmr/bx/n/10 Al- 
 []


Overfull \hbox (15.33325pt too wide) in paragraph at lines 27--27
 \OT1/cmr/bx/n/10 go- 
 []


Overfull \hbox (28.37486pt too wide) in paragraph at lines 27--27
 \OT1/cmr/bx/n/10 rithm 
 []


Overfull \hbox (31.2012pt too wide) in paragraph at lines 27--27
 \OT1/cmr/bx/n/10 Hand- 
 []


Overfull \hbox (24.59709pt too wide) in paragraph at lines 27--27
 \OT1/cmr/bx/n/10 book 
 []

! Undefined control sequence.
<recently read> \LARGE 
                       
l.27 ...EUFAR FP7}{N6SP - Standards and Protocols}
                                                  
The control sequence at the end of the top line
of your error message was never \def'ed. If you have
misspelled it (e.g., `\hobx'), type `I' and the correct
spelling (e.g., `I\hbox'). Otherwise just continue,
and I'll forget about whatever was undefined.


Overfull \hbox (39.68033pt too wide) in paragraph at lines 27--27
 []\OT1/cmr/bx/n/10 EUFAR 
 []


Overfull \hbox (20.8471pt too wide) in paragraph at lines 27--27
 \OT1/cmr/bx/n/10 FP7 
 []

! Undefined control sequence.
<recently read> \large 
                       
l.27 ...EUFAR FP7}{N6SP - Standards and Protocols}
                                                  
The control sequence at the end of the top line
of your error message was never \def'ed. If you have
misspelled it (e.g., `\hobx'), type `I' and the correct
spelling (e.g., `I\hbox'). Otherwise just continue,
and I'll forget about whatever was undefined.


Overfull \hbox (28.99985pt too wide) in paragraph at lines 27--27
 []\OT1/cmr/bx/n/10 N6SP 
 []


Overfull \hbox (3.83331pt too wide) in paragraph at lines 27--27
 \OT1/cmr/bx/n/10 - 
 []


Overfull \hbox (26.67345pt too wide) in paragraph at lines 27--27
 \OT1/cmr/bx/n/10 Stan- 
 []


Overfull \hbox (27.6401pt too wide) in paragraph at lines 27--27
 \OT1/cmr/bx/n/10 dards 
 []


Overfull \hbox (18.36794pt too wide) in paragraph at lines 27--27
 \OT1/cmr/bx/n/10 and 
 []


Overfull \hbox (22.18045pt too wide) in paragraph at lines 27--27
 \OT1/cmr/bx/n/10 Pro- 
 []


Overfull \hbox (14.05548pt too wide) in paragraph at lines 27--27
 \OT1/cmr/bx/n/10 to- 
 []


Overfull \hbox (18.59155pt too wide) in paragraph at lines 27--27
 \OT1/cmr/bx/n/10 cols 
 []


Overfull \hbox (20.0pt too wide) in paragraph at lines 32--32
[] 
 []


! LaTeX Error: The font size command \normalsize is not defined:
               there is probably something wrong with the class file.

See the LaTeX manual or LaTeX Companion for explanation.
Type  H <return>  for immediate help.
 ...                                              
                                                  
l.32 \textsf{\date{\today}}
                           
Your command was ignored.
Type  I <command> <return>  to replace it with another command,
or  <return>  to continue without it.

! Undefined control sequence.
<argument> \today 
                  
l.32 \textsf{\date{\today}}
                           
The control sequence at the end of the top line
of your error message was never \def'ed. If you have
misspelled it (e.g., `\hobx'), type `I' and the correct
spelling (e.g., `I\hbox'). Otherwise just continue,
and I'll forget about whatever was undefined.


Overfull \hbox (17.6667pt too wide) in paragraph at lines 32--32
 \OT1/cmss/m/n/10 Last 
 []


Overfull \hbox (15.37505pt too wide) in paragraph at lines 32--32
 \OT1/cmss/m/n/10 Up- 
 []


Overfull \hbox (25.97226pt too wide) in paragraph at lines 32--32
 \OT1/cmss/m/n/10 dated: 
 []

)
! Emergency stop.
<*> cover.tex
             
*** (job aborted, no legal \end found)

 
Here is how much of TeX's memory you used:
 20 strings out of 94296
 251 string characters out of 1164264
 48431 words of memory out of 4000000
 3372 multiletter control sequences out of 10000+50000
 4253 words of font info for 16 fonts, out of 500000 for 2000
 580 hyphenation exceptions out of 8191
 19i,2n,13p,126b,128s stack positions out of 3000i,1500n,5000p,200000b,15000s
!  ==> Fatal error occurred, no output PDF file produced!
