This is pdfTeX, Version 3.141592-1.40.3 (Web2C 7.5.6) (format=pdflatex 2011.3.8)  9 JUN 2011 16:43
entering extended mode
**EGADS_alg_doc.tex
(./EGADS_alg_doc.tex
LaTeX2e <2005/12/01>
Babel <v3.8h> and hyphenation patterns for english, usenglishmax, dumylang, noh
yphenation, basque, bulgarian, coptic, welsh, czech, slovak, german, ngerman, d
anish, esperanto, spanish, catalan, galician, estonian, finnish, french, greek,
 monogreek, ancientgreek, croatian, hungarian, interlingua, ibycus, indonesian,
 icelandic, italian, latin, mongolian, dutch, norsk, polish, portuguese, pinyin
, romanian, russian, slovenian, uppersorbian, serbian, swedish, turkish, ukengl
ish, ukrainian, loaded.
(/usr/share/texmf/tex/latex/base/report.cls
Document Class: report 2005/09/16 v1.4f Standard LaTeX document class
(/usr/share/texmf/tex/latex/base/size11.clo
File: size11.clo 2005/09/16 v1.4f Standard LaTeX file (size option)
)
\c@part=\count79
\c@chapter=\count80
\c@section=\count81
\c@subsection=\count82
\c@subsubsection=\count83
\c@paragraph=\count84
\c@subparagraph=\count85
\c@figure=\count86
\c@table=\count87
\abovecaptionskip=\skip41
\belowcaptionskip=\skip42
\bibindent=\dimen102
) (/usr/share/texmf/tex/latex/graphics/graphicx.sty
Package: graphicx 1999/02/16 v1.0f Enhanced LaTeX Graphics (DPC,SPQR)
(/usr/share/texmf/tex/latex/graphics/keyval.sty
Package: keyval 1999/03/16 v1.13 key=value parser (DPC)
\KV@toks@=\toks14
) (/usr/share/texmf/tex/latex/graphics/graphics.sty
Package: graphics 2006/02/20 v1.0o Standard LaTeX Graphics (DPC,SPQR)
(/usr/share/texmf/tex/latex/graphics/trig.sty
Package: trig 1999/03/16 v1.09 sin cos tan (DPC)
) (/usr/lib/texmf/tex/latex/config/graphics.cfg
File: graphics.cfg 2007/01/18 v1.5 graphics configuration of teTeX/TeXLive
)
Package graphics Info: Driver file: pdftex.def on input line 90.
(/usr/share/texmf/tex/latex/pdftex-def/pdftex.def
File: pdftex.def 2007/01/08 v0.04d Graphics/color for pdfTeX
\Gread@gobject=\count88
))
\Gin@req@height=\dimen103
\Gin@req@width=\dimen104
) (/usr/share/texmf/tex/latex/hyperref/hyperref.sty
Package: hyperref 2007/02/07 v6.75r Hypertext links for LaTeX
\@linkdim=\dimen105
\Hy@linkcounter=\count89
\Hy@pagecounter=\count90
(/usr/share/texmf/tex/latex/hyperref/pd1enc.def
File: pd1enc.def 2007/02/07 v6.75r Hyperref: PDFDocEncoding definition (HO)
) (/usr/lib/texmf/tex/latex/config/hyperref.cfg
File: hyperref.cfg 2002/06/06 v1.2 hyperref configuration of TeXLive
) (/usr/share/texmf/tex/latex/oberdiek/kvoptions.sty
Package: kvoptions 2006/08/22 v2.4 Connects package keyval with LaTeX options (
HO)
)
Package hyperref Info: Hyper figures OFF on input line 2288.
Package hyperref Info: Link nesting OFF on input line 2293.
Package hyperref Info: Hyper index ON on input line 2296.
Package hyperref Info: Plain pages OFF on input line 2303.
Package hyperref Info: Backreferencing OFF on input line 2308.
Implicit mode ON; LaTeX internals redefined
Package hyperref Info: Bookmarks ON on input line 2444.
(/usr/share/texmf/tex/latex/ltxmisc/url.sty
\Urlmuskip=\muskip10
Package: url 2005/06/27  ver 3.2  Verb mode for urls, etc.
)
LaTeX Info: Redefining \url on input line 2599.
\Fld@menulength=\count91
\Field@Width=\dimen106
\Fld@charsize=\dimen107
\Choice@toks=\toks15
\Field@toks=\toks16
Package hyperref Info: Hyper figures OFF on input line 3102.
Package hyperref Info: Link nesting OFF on input line 3107.
Package hyperref Info: Hyper index ON on input line 3110.
Package hyperref Info: backreferencing OFF on input line 3117.
Package hyperref Info: Link coloring OFF on input line 3122.
\Hy@abspage=\count92
\c@Item=\count93
\c@Hfootnote=\count94
)
*hyperref using default driver hpdftex*
(/usr/share/texmf/tex/latex/hyperref/hpdftex.def
File: hpdftex.def 2007/02/07 v6.75r Hyperref driver for pdfTeX
\Fld@listcount=\count95
) (/usr/share/texmf/tex/latex/fancyvrb/fancyvrb.sty
Package: fancyvrb 1998/07/17
Style option: `fancyvrb' v2.6, with DG/SPQR fixes <1998/07/17> (tvz)
\FV@CodeLineNo=\count96
\FV@InFile=\read1
\FV@TabBox=\box26
\c@FancyVerbLine=\count97
\FV@StepNumber=\count98
\FV@OutFile=\write3
(./fancyvrb.cfg)) (/usr/share/texmf/tex/latex/paralist/paralist.sty
Package: paralist 2002/03/18 v2.3b Extended list environments (BS)
\pltopsep=\skip43
\plpartopsep=\skip44
\plitemsep=\skip45
\plparsep=\skip46
\pl@lab=\toks17
) (/usr/share/texmf/tex/latex/base/makeidx.sty
Package: makeidx 2000/03/29 v1.0m Standard LaTeX package
) (/usr/share/texmf/tex/latex/graphics/color.sty
Package: color 2005/11/14 v1.0j Standard LaTeX Color (DPC)
(/usr/lib/texmf/tex/latex/config/color.cfg
File: color.cfg 2007/01/18 v1.5 color configuration of teTeX/TeXLive
)
Package color Info: Driver file: pdftex.def on input line 130.
) (/usr/share/texmf/tex/latex/tools/calc.sty
Package: calc 2005/08/06 v4.2 Infix arithmetic (KKT,FJ)
\calc@Acount=\count99
\calc@Bcount=\count100
\calc@Adimen=\dimen108
\calc@Bdimen=\dimen109
\calc@Askip=\skip47
\calc@Bskip=\skip48
LaTeX Info: Redefining \setlength on input line 75.
LaTeX Info: Redefining \addtolength on input line 76.
\calc@Ccount=\count101
\calc@Cskip=\skip49
)
\c@actioncounter=\count102
(./pagesetup.cfg (/usr/share/texmf/tex/latex/fancyhdr/fancyhdr.sty
\fancy@headwidth=\skip50
\f@ncyO@elh=\skip51
\f@ncyO@erh=\skip52
\f@ncyO@olh=\skip53
\f@ncyO@orh=\skip54
\f@ncyO@elf=\skip55
\f@ncyO@erf=\skip56
\f@ncyO@olf=\skip57
\f@ncyO@orf=\skip58
))
\@indexfile=\write4
\openout4 = `EGADS_alg_doc.idx'.

Writing index file EGADS_alg_doc.idx
(./EGADS_alg_doc.aux (./cover/alg_cover.aux) (./algorithms/thermodynamics/altit
ude_pressure_cnrm.aux) (./algorithms/thermodynamics/density_dry_air_cnrm.aux) (
./algorithms/thermodynamics/hum_rel_capacitive_cnrm.aux) (./algorithms/thermody
namics/pressure_angle_incidence_cnrm.aux) (./algorithms/thermodynamics/temp_pot
ential_cnrm.aux) (./algorithms/thermodynamics/temp_potential_equiv_cnrm.aux) (.
/algorithms/thermodynamics/temp_static_cnrm.aux) (./algorithms/thermodynamics/t
emp_virtual_cnrm.aux) (./algorithms/thermodynamics/velocity_tas_cnrm.aux) (./al
gorithms/thermodynamics/velocity_tas_longitudinal_cnrm.aux) (./algorithms/micro
physics/diameter_mean_raf.aux) (./algorithms/microphysics/number_conc_total_raf
.aux) (./algorithms/microphysics/sample_area_oap_all_in_raf.aux) (./algorithms/
microphysics/sample_area_oap_center_in_raf.aux) (./algorithms/microphysics/samp
le_area_scattering_raf.aux) (./algorithms/microphysics/sample_volume_general_ra
f.aux) (./algorithms/quality_control/nav_chk.aux))
\openout1 = `EGADS_alg_doc.aux'.

LaTeX Font Info:    Checking defaults for OML/cmm/m/it on input line 106.
LaTeX Font Info:    ... okay on input line 106.
LaTeX Font Info:    Checking defaults for T1/cmr/m/n on input line 106.
LaTeX Font Info:    ... okay on input line 106.
LaTeX Font Info:    Checking defaults for OT1/cmr/m/n on input line 106.
LaTeX Font Info:    ... okay on input line 106.
LaTeX Font Info:    Checking defaults for OMS/cmsy/m/n on input line 106.
LaTeX Font Info:    ... okay on input line 106.
LaTeX Font Info:    Checking defaults for OMX/cmex/m/n on input line 106.
LaTeX Font Info:    ... okay on input line 106.
LaTeX Font Info:    Checking defaults for U/cmr/m/n on input line 106.
LaTeX Font Info:    ... okay on input line 106.
LaTeX Font Info:    Checking defaults for PD1/pdf/m/n on input line 106.
LaTeX Font Info:    ... okay on input line 106.
Package hyperref Info: Link coloring OFF on input line 106.
(/usr/share/texmf/tex/latex/hyperref/nameref.sty
Package: nameref 2006/12/27 v2.28 Cross-referencing by name of section
(/usr/share/texmf/tex/latex/oberdiek/refcount.sty
Package: refcount 2006/02/20 v3.0 Data extraction from references (HO)
)
\c@section@level=\count103
)
LaTeX Info: Redefining \ref on input line 106.
LaTeX Info: Redefining \pageref on input line 106.
(./EGADS_alg_doc.out) (./EGADS_alg_doc.out)
\@outlinefile=\write5
\openout5 = `EGADS_alg_doc.out'.

\openout2 = `cover/alg_cover.aux'.

(./cover/alg_cover.tex <cover/eufar_a_sm.pdf, id=91, 2509.375pt x 1505.625pt>
File: cover/eufar_a_sm.pdf Graphic file (type pdf)
<use cover/eufar_a_sm.pdf>) [1


{/var/lib/texmf/fonts/map/pdftex/updmap/pdftex.map} <./cover/eufar_a_sm.pdf

pdfTeX warning: pdflatex (file ./cover/eufar_a_sm.pdf): PDF inclusion: Page Gro
up detected which pdfTeX can't handle. Ignoring it.
>] (./EGADS_alg_doc.toc
LaTeX Font Info:    External font `cmex10' loaded for size
(Font)              <10.95> on input line 3.
LaTeX Font Info:    External font `cmex10' loaded for size
(Font)              <8> on input line 3.
LaTeX Font Info:    External font `cmex10' loaded for size
(Font)              <6> on input line 3.
)
\tf@toc=\write6
\openout6 = `EGADS_alg_doc.toc'.

[2


]
Chapter 1.

Overfull \hbox (0.27928pt too wide) in paragraph at lines 136--137
\OT1/cmr/m/n/10.95 This doc-u-ment con-tains de-scrip-tions of al-go-rithms con
-tained in the \OT1/cmr/m/sc/10.95 egads \OT1/cmr/m/n/10.95 tool-box. Within
 []

LaTeX Font Info:    Try loading font information for OMS+cmr on input line 139.

(/usr/share/texmf/tex/latex/base/omscmr.fd
File: omscmr.fd 1999/05/25 v2.5h Standard LaTeX font definitions
)
LaTeX Font Info:    Font shape `OMS/cmr/m/n' in size <10.95> not available
(Font)              Font shape `OMS/cmsy/m/n' tried instead on input line 139.

Overfull \hbox (130.69753pt too wide) in paragraph at lines 149--150
\OT1/cmr/m/n/10.95 Gen-er-ally, al-go-rithm names are com-posed as fol-lows: []
.
 []

[1

]
Chapter 2.
[2

]
\openout2 = `algorithms/thermodynamics/altitude_pressure_cnrm.aux'.

(./algorithms/thermodynamics/altitude_pressure_cnrm.tex
File: cover/eufar_a_sm.pdf Graphic file (type pdf)
<use cover/eufar_a_sm.pdf>

Package Fancyhdr Warning: \headheight is too small (28.90755pt): 
 Make it at least 46.74266pt.
 We now make it that large for the rest of the document.
 This may cause the page layout to be inconsistent, however.

[3

])
\openout2 = `algorithms/thermodynamics/density_dry_air_cnrm.aux'.

(./algorithms/thermodynamics/density_dry_air_cnrm.tex

LaTeX Warning: Citation `Triplet' on page 4 undefined on input line 35.

File: cover/eufar_a_sm.pdf Graphic file (type pdf)
<use cover/eufar_a_sm.pdf>

Package Fancyhdr Warning: \headheight is too small (28.90755pt): 
 Make it at least 46.74266pt.
 We now make it that large for the rest of the document.
 This may cause the page layout to be inconsistent, however.

[4


])
\openout2 = `algorithms/thermodynamics/hum_rel_capacitive_cnrm.aux'.

(./algorithms/thermodynamics/hum_rel_capacitive_cnrm.tex
File: cover/eufar_a_sm.pdf Graphic file (type pdf)
<use cover/eufar_a_sm.pdf>

Package Fancyhdr Warning: \headheight is too small (28.90755pt): 
 Make it at least 46.74266pt.
 We now make it that large for the rest of the document.
 This may cause the page layout to be inconsistent, however.

[5


])
\openout2 = `algorithms/thermodynamics/pressure_angle_incidence_cnrm.aux'.

(./algorithms/thermodynamics/pressure_angle_incidence_cnrm.tex
File: cover/eufar_a_sm.pdf Graphic file (type pdf)
<use cover/eufar_a_sm.pdf>

Package Fancyhdr Warning: \headheight is too small (28.90755pt): 
 Make it at least 46.74266pt.
 We now make it that large for the rest of the document.
 This may cause the page layout to be inconsistent, however.

[6


])
\openout2 = `algorithms/thermodynamics/temp_potential_cnrm.aux'.

(./algorithms/thermodynamics/temp_potential_cnrm.tex

LaTeX Warning: Citation `Triplet' on page 7 undefined on input line 32.

File: cover/eufar_a_sm.pdf Graphic file (type pdf)
<use cover/eufar_a_sm.pdf>

Package Fancyhdr Warning: \headheight is too small (28.90755pt): 
 Make it at least 46.74266pt.
 We now make it that large for the rest of the document.
 This may cause the page layout to be inconsistent, however.

[7


])
\openout2 = `algorithms/thermodynamics/temp_potential_equiv_cnrm.aux'.

(./algorithms/thermodynamics/temp_potential_equiv_cnrm.tex
File: cover/eufar_a_sm.pdf Graphic file (type pdf)
<use cover/eufar_a_sm.pdf>

Package Fancyhdr Warning: \headheight is too small (28.90755pt): 
 Make it at least 46.74266pt.
 We now make it that large for the rest of the document.
 This may cause the page layout to be inconsistent, however.

[8


])
\openout2 = `algorithms/thermodynamics/temp_static_cnrm.aux'.

(./algorithms/thermodynamics/temp_static_cnrm.tex
File: cover/eufar_a_sm.pdf Graphic file (type pdf)
<use cover/eufar_a_sm.pdf>

Package Fancyhdr Warning: \headheight is too small (28.90755pt): 
 Make it at least 46.74266pt.
 We now make it that large for the rest of the document.
 This may cause the page layout to be inconsistent, however.

[9


])
\openout2 = `algorithms/thermodynamics/temp_virtual_cnrm.aux'.

(./algorithms/thermodynamics/temp_virtual_cnrm.tex

LaTeX Warning: Citation `Triplet' on page 10 undefined on input line 33.

File: cover/eufar_a_sm.pdf Graphic file (type pdf)
<use cover/eufar_a_sm.pdf>

Package Fancyhdr Warning: \headheight is too small (28.90755pt): 
 Make it at least 46.74266pt.
 We now make it that large for the rest of the document.
 This may cause the page layout to be inconsistent, however.

[10


])
\openout2 = `algorithms/thermodynamics/velocity_tas_cnrm.aux'.

(./algorithms/thermodynamics/velocity_tas_cnrm.tex

LaTeX Warning: Citation `NCAR25' on page 11 undefined on input line 34.


LaTeX Warning: Citation `Candel' on page 11 undefined on input line 34.

File: cover/eufar_a_sm.pdf Graphic file (type pdf)
<use cover/eufar_a_sm.pdf>

Package Fancyhdr Warning: \headheight is too small (28.90755pt): 
 Make it at least 46.74266pt.
 We now make it that large for the rest of the document.
 This may cause the page layout to be inconsistent, however.

[11


])
\openout2 = `algorithms/thermodynamics/velocity_tas_longitudinal_cnrm.aux'.

(./algorithms/thermodynamics/velocity_tas_longitudinal_cnrm.tex

LaTeX Warning: Citation `NCAR25' on page 12 undefined on input line 32.

File: cover/eufar_a_sm.pdf Graphic file (type pdf)
<use cover/eufar_a_sm.pdf>

Package Fancyhdr Warning: \headheight is too small (28.90755pt): 
 Make it at least 46.74266pt.
 We now make it that large for the rest of the document.
 This may cause the page layout to be inconsistent, however.

[12


])
Chapter 3.
[13


]
\openout2 = `algorithms/microphysics/diameter_mean_raf.aux'.

(./algorithms/microphysics/diameter_mean_raf.tex
Underfull \hbox (badness 10000) in paragraph at lines 32--32
[]\OT1/cmr/m/n/10.95 Array[time,
 []


Overfull \hbox (1.52498pt too wide) in paragraph at lines 32--32
[]\OT1/cmr/m/n/10.95 Vector[time]| 
 []


Overfull \hbox (52.40599pt too wide) in paragraph at lines 32--32
\OT1/cmr/bx/n/10.95 References:  \OT1/cmr/m/n/10.95 NCAR-RAF Bul-letin No. 24 -
- []http://www.eol.ucar.edu/raf/Bulletins/bulletin24.html[]
 []


Underfull \hbox (badness 10000) in paragraph at lines 32--32

 []

File: cover/eufar_a_sm.pdf Graphic file (type pdf)
<use cover/eufar_a_sm.pdf>

Package Fancyhdr Warning: \headheight is too small (28.90755pt): 
 Make it at least 46.74266pt.
 We now make it that large for the rest of the document.
 This may cause the page layout to be inconsistent, however.

[14

])
\openout2 = `algorithms/microphysics/number_conc_total_raf.aux'.

(./algorithms/microphysics/number_conc_total_raf.tex
Overfull \hbox (52.40599pt too wide) in paragraph at lines 32--32
\OT1/cmr/bx/n/10.95 References:  \OT1/cmr/m/n/10.95 NCAR-RAF Bul-letin No. 24 -
- []http://www.eol.ucar.edu/raf/Bulletins/bulletin24.html[]
 []


Underfull \hbox (badness 10000) in paragraph at lines 32--32

 []

File: cover/eufar_a_sm.pdf Graphic file (type pdf)
<use cover/eufar_a_sm.pdf>

Package Fancyhdr Warning: \headheight is too small (28.90755pt): 
 Make it at least 46.74266pt.
 We now make it that large for the rest of the document.
 This may cause the page layout to be inconsistent, however.

[15


])
\openout2 = `algorithms/microphysics/sample_area_oap_all_in_raf.aux'.

(./algorithms/microphysics/sample_area_oap_all_in_raf.tex
Overfull \hbox (52.40599pt too wide) in paragraph at lines 48--48
\OT1/cmr/bx/n/10.95 References:  \OT1/cmr/m/n/10.95 NCAR-RAF Bul-letin No. 24 -
- []http://www.eol.ucar.edu/raf/Bulletins/bulletin24.html[]
 []


Underfull \hbox (badness 10000) in paragraph at lines 48--48

 []

File: cover/eufar_a_sm.pdf Graphic file (type pdf)
<use cover/eufar_a_sm.pdf>

Package Fancyhdr Warning: \headheight is too small (28.90755pt): 
 Make it at least 46.74266pt.
 We now make it that large for the rest of the document.
 This may cause the page layout to be inconsistent, however.

[16


])
\openout2 = `algorithms/microphysics/sample_area_oap_center_in_raf.aux'.

(./algorithms/microphysics/sample_area_oap_center_in_raf.tex
Overfull \hbox (52.40599pt too wide) in paragraph at lines 45--45
\OT1/cmr/bx/n/10.95 References:  \OT1/cmr/m/n/10.95 NCAR-RAF Bul-letin No. 24 -
- []http://www.eol.ucar.edu/raf/Bulletins/bulletin24.html[]
 []


Underfull \hbox (badness 10000) in paragraph at lines 45--45

 []

File: cover/eufar_a_sm.pdf Graphic file (type pdf)
<use cover/eufar_a_sm.pdf>

Package Fancyhdr Warning: \headheight is too small (28.90755pt): 
 Make it at least 46.74266pt.
 We now make it that large for the rest of the document.
 This may cause the page layout to be inconsistent, however.

[17


])
\openout2 = `algorithms/microphysics/sample_area_scattering_raf.aux'.

(./algorithms/microphysics/sample_area_scattering_raf.tex
Overfull \hbox (52.40599pt too wide) in paragraph at lines 31--31
\OT1/cmr/bx/n/10.95 References:  \OT1/cmr/m/n/10.95 NCAR-RAF Bul-letin No. 24 -
- []http://www.eol.ucar.edu/raf/Bulletins/bulletin24.html[]
 []


Underfull \hbox (badness 10000) in paragraph at lines 31--31

 []

File: cover/eufar_a_sm.pdf Graphic file (type pdf)
<use cover/eufar_a_sm.pdf>

Package Fancyhdr Warning: \headheight is too small (28.90755pt): 
 Make it at least 46.74266pt.
 We now make it that large for the rest of the document.
 This may cause the page layout to be inconsistent, however.

[18


])
\openout2 = `algorithms/microphysics/sample_volume_general_raf.aux'.

(./algorithms/microphysics/sample_volume_general_raf.tex
Overfull \hbox (52.40599pt too wide) in paragraph at lines 32--32
\OT1/cmr/bx/n/10.95 References:  \OT1/cmr/m/n/10.95 NCAR-RAF Bul-letin No. 24 -
- []http://www.eol.ucar.edu/raf/Bulletins/bulletin24.html[]
 []


Underfull \hbox (badness 10000) in paragraph at lines 32--32

 []

File: cover/eufar_a_sm.pdf Graphic file (type pdf)
<use cover/eufar_a_sm.pdf>

Package Fancyhdr Warning: \headheight is too small (28.90755pt): 
 Make it at least 46.74266pt.
 We now make it that large for the rest of the document.
 This may cause the page layout to be inconsistent, however.

[19


])
Chapter 4.
[20


]
\openout2 = `algorithms/quality_control/nav_chk.aux'.

(./algorithms/quality_control/nav_chk.tex
Overfull \hbox (0.98882pt too wide) in paragraph at lines 49--49
[][] 
 []

File: cover/eufar_a_sm.pdf Graphic file (type pdf)
<use cover/eufar_a_sm.pdf>

Package Fancyhdr Warning: \headheight is too small (28.90755pt): 
 Make it at least 46.74266pt.
 We now make it that large for the rest of the document.
 This may cause the page layout to be inconsistent, however.

[21

]) (./EGADS_alg_doc.ind [22



]) (./EGADS_alg_doc.aux (./cover/alg_cover.aux) (./algorithms/thermodynamics/al
titude_pressure_cnrm.aux) (./algorithms/thermodynamics/density_dry_air_cnrm.aux
) (./algorithms/thermodynamics/hum_rel_capacitive_cnrm.aux) (./algorithms/therm
odynamics/pressure_angle_incidence_cnrm.aux) (./algorithms/thermodynamics/temp_
potential_cnrm.aux) (./algorithms/thermodynamics/temp_potential_equiv_cnrm.aux)
(./algorithms/thermodynamics/temp_static_cnrm.aux) (./algorithms/thermodynamics
/temp_virtual_cnrm.aux) (./algorithms/thermodynamics/velocity_tas_cnrm.aux) (./
algorithms/thermodynamics/velocity_tas_longitudinal_cnrm.aux) (./algorithms/mic
rophysics/diameter_mean_raf.aux) (./algorithms/microphysics/number_conc_total_r
af.aux) (./algorithms/microphysics/sample_area_oap_all_in_raf.aux) (./algorithm
s/microphysics/sample_area_oap_center_in_raf.aux) (./algorithms/microphysics/sa
mple_area_scattering_raf.aux) (./algorithms/microphysics/sample_volume_general_
raf.aux) (./algorithms/quality_control/nav_chk.aux))

LaTeX Warning: There were undefined references.

 ) 
Here is how much of TeX's memory you used:
 3511 strings out of 94079
 53309 string characters out of 1167486
 112255 words of memory out of 3500000
 6592 multiletter control sequences out of 10000+50000
 10591 words of font info for 37 fonts, out of 1200000 for 2000
 645 hyphenation exceptions out of 8191
 29i,15n,47p,352b,347s stack positions out of 5000i,500n,6000p,200000b,5000s
</usr/share/texmf/fonts/type1/bluesky/cm/cmbx10.pfb></usr/share/texmf/fonts/t
ype1/bluesky/cm/cmbx12.pfb></usr/share/texmf/fonts/type1/bluesky/cm/cmcsc10.pfb
></usr/share/texmf/fonts/type1/bluesky/cm/cmex10.pfb></usr/share/texmf/fonts/ty
pe1/bluesky/cm/cmmi10.pfb></usr/share/texmf/fonts/type1/bluesky/cm/cmmi6.pfb></
usr/share/texmf/fonts/type1/bluesky/cm/cmmi8.pfb></usr/share/texmf/fonts/type1/
bluesky/cm/cmr10.pfb></usr/share/texmf/fonts/type1/bluesky/cm/cmr8.pfb></usr/sh
are/texmf/fonts/type1/bluesky/cm/cmsl10.pfb></usr/share/texmf/fonts/type1/blues
ky/cm/cmss10.pfb></usr/share/texmf/fonts/type1/bluesky/cm/cmsy10.pfb></usr/shar
e/texmf/fonts/type1/bluesky/cm/cmsy8.pfb></usr/share/texmf/fonts/type1/bluesky/
cm/cmti10.pfb></usr/share/texmf/fonts/type1/bluesky/cm/cmtt10.pfb>
Output written on EGADS_alg_doc.pdf (24 pages, 459291 bytes).
PDF statistics:
 345 PDF objects out of 1000 (max. 8388607)
 50 named destinations out of 1000 (max. 131072)
 190 words of extra memory for PDF output out of 10000 (max. 10000000)

