This is pdfTeX, Version 3.141592-1.40.3 (Web2C 7.5.6) (format=pdflatex 2011.3.8)  9 JUN 2011 16:43
entering extended mode
**EGADS_doc.tex
(./EGADS_doc.tex
LaTeX2e <2005/12/01>
Babel <v3.8h> and hyphenation patterns for english, usenglishmax, dumylang, noh
yphenation, basque, bulgarian, coptic, welsh, czech, slovak, german, ngerman, d
anish, esperanto, spanish, catalan, galician, estonian, finnish, french, greek,
 monogreek, ancientgreek, croatian, hungarian, interlingua, ibycus, indonesian,
 icelandic, italian, latin, mongolian, dutch, norsk, polish, portuguese, pinyin
, romanian, russian, slovenian, uppersorbian, serbian, swedish, turkish, ukengl
ish, ukrainian, loaded.
(/usr/share/texmf/tex/latex/base/report.cls
Document Class: report 2005/09/16 v1.4f Standard LaTeX document class
(/usr/share/texmf/tex/latex/base/size11.clo
File: size11.clo 2005/09/16 v1.4f Standard LaTeX file (size option)
)
\c@part=\count79
\c@chapter=\count80
\c@section=\count81
\c@subsection=\count82
\c@subsubsection=\count83
\c@paragraph=\count84
\c@subparagraph=\count85
\c@figure=\count86
\c@table=\count87
\abovecaptionskip=\skip41
\belowcaptionskip=\skip42
\bibindent=\dimen102
) (/usr/share/texmf/tex/latex/graphics/graphicx.sty
Package: graphicx 1999/02/16 v1.0f Enhanced LaTeX Graphics (DPC,SPQR)
(/usr/share/texmf/tex/latex/graphics/keyval.sty
Package: keyval 1999/03/16 v1.13 key=value parser (DPC)
\KV@toks@=\toks14
) (/usr/share/texmf/tex/latex/graphics/graphics.sty
Package: graphics 2006/02/20 v1.0o Standard LaTeX Graphics (DPC,SPQR)
(/usr/share/texmf/tex/latex/graphics/trig.sty
Package: trig 1999/03/16 v1.09 sin cos tan (DPC)
) (/usr/lib/texmf/tex/latex/config/graphics.cfg
File: graphics.cfg 2007/01/18 v1.5 graphics configuration of teTeX/TeXLive
)
Package graphics Info: Driver file: pdftex.def on input line 90.
(/usr/share/texmf/tex/latex/pdftex-def/pdftex.def
File: pdftex.def 2007/01/08 v0.04d Graphics/color for pdfTeX
\Gread@gobject=\count88
))
\Gin@req@height=\dimen103
\Gin@req@width=\dimen104
) (/usr/share/texmf/tex/latex/hyperref/hyperref.sty
Package: hyperref 2007/02/07 v6.75r Hypertext links for LaTeX
\@linkdim=\dimen105
\Hy@linkcounter=\count89
\Hy@pagecounter=\count90
(/usr/share/texmf/tex/latex/hyperref/pd1enc.def
File: pd1enc.def 2007/02/07 v6.75r Hyperref: PDFDocEncoding definition (HO)
) (/usr/lib/texmf/tex/latex/config/hyperref.cfg
File: hyperref.cfg 2002/06/06 v1.2 hyperref configuration of TeXLive
) (/usr/share/texmf/tex/latex/oberdiek/kvoptions.sty
Package: kvoptions 2006/08/22 v2.4 Connects package keyval with LaTeX options (
HO)
)
Package hyperref Info: Hyper figures OFF on input line 2288.
Package hyperref Info: Link nesting OFF on input line 2293.
Package hyperref Info: Hyper index ON on input line 2296.
Package hyperref Info: Plain pages OFF on input line 2303.
Package hyperref Info: Backreferencing OFF on input line 2308.
Implicit mode ON; LaTeX internals redefined
Package hyperref Info: Bookmarks ON on input line 2444.
(/usr/share/texmf/tex/latex/ltxmisc/url.sty
\Urlmuskip=\muskip10
Package: url 2005/06/27  ver 3.2  Verb mode for urls, etc.
)
LaTeX Info: Redefining \url on input line 2599.
\Fld@menulength=\count91
\Field@Width=\dimen106
\Fld@charsize=\dimen107
\Choice@toks=\toks15
\Field@toks=\toks16
Package hyperref Info: Hyper figures OFF on input line 3102.
Package hyperref Info: Link nesting OFF on input line 3107.
Package hyperref Info: Hyper index ON on input line 3110.
Package hyperref Info: backreferencing OFF on input line 3117.
Package hyperref Info: Link coloring OFF on input line 3122.
\Hy@abspage=\count92
\c@Item=\count93
\c@Hfootnote=\count94
)
*hyperref using default driver hpdftex*
(/usr/share/texmf/tex/latex/hyperref/hpdftex.def
File: hpdftex.def 2007/02/07 v6.75r Hyperref driver for pdfTeX
\Fld@listcount=\count95
) (/usr/share/texmf/tex/latex/fancyvrb/fancyvrb.sty
Package: fancyvrb 1998/07/17
Style option: `fancyvrb' v2.6, with DG/SPQR fixes <1998/07/17> (tvz)
\FV@CodeLineNo=\count96
\FV@InFile=\read1
\FV@TabBox=\box26
\c@FancyVerbLine=\count97
\FV@StepNumber=\count98
\FV@OutFile=\write3
(./fancyvrb.cfg)) (/usr/share/texmf/tex/latex/listings/listings.sty
\lst@mode=\count99
\lst@gtempboxa=\box27
\lst@token=\toks17
\lst@length=\count100
\lst@currlwidth=\dimen108
\lst@column=\count101
\lst@pos=\count102
\lst@lostspace=\dimen109
\lst@width=\dimen110
\lst@newlines=\count103
\lst@lineno=\count104
\c@lstlisting=\count105
\lst@maxwidth=\dimen111
(/usr/share/texmf/tex/latex/listings/lstpatch.sty
File: lstpatch.sty 2004/10/17 1.3b (Carsten Heinz)
) (/usr/share/texmf/tex/latex/listings/lstmisc.sty
File: lstmisc.sty 2004/09/07 1.3 (Carsten Heinz)
\c@lstnumber=\count106
\lst@skipnumbers=\count107
\lst@framebox=\box28
) (/usr/share/texmf/tex/latex/listings/listings.cfg
File: listings.cfg 2004/09/05 1.3 listings configuration
))
Package: listings 2004/10/17 1.3b (Carsten Heinz)
(/usr/share/texmf/tex/latex/base/textcomp.sty
Package: textcomp 2005/09/27 v1.99g Standard LaTeX package
Package textcomp Info: Sub-encoding information:
(textcomp)               5 = only ISO-Adobe without \textcurrency
(textcomp)               4 = 5 + \texteuro
(textcomp)               3 = 4 + \textohm
(textcomp)               2 = 3 + \textestimated + \textcurrency
(textcomp)               1 = TS1 - \textcircled - \t
(textcomp)               0 = TS1 (full)
(textcomp)             Font families with sub-encoding setting implement
(textcomp)             only a restricted character set as indicated.
(textcomp)             Family '?' is the default used for unknown fonts.
(textcomp)             See the documentation for details.
Package textcomp Info: Setting ? sub-encoding to TS1/1 on input line 71.
(/usr/share/texmf/tex/latex/base/ts1enc.def
File: ts1enc.def 2001/06/05 v3.0e (jk/car/fm) Standard LaTeX file
)
LaTeX Info: Redefining \oldstylenums on input line 266.
Package textcomp Info: Setting cmr sub-encoding to TS1/0 on input line 281.
Package textcomp Info: Setting cmss sub-encoding to TS1/0 on input line 282.
Package textcomp Info: Setting cmtt sub-encoding to TS1/0 on input line 283.
Package textcomp Info: Setting cmvtt sub-encoding to TS1/0 on input line 284.
Package textcomp Info: Setting cmbr sub-encoding to TS1/0 on input line 285.
Package textcomp Info: Setting cmtl sub-encoding to TS1/0 on input line 286.
Package textcomp Info: Setting ccr sub-encoding to TS1/0 on input line 287.
Package textcomp Info: Setting ptm sub-encoding to TS1/4 on input line 288.
Package textcomp Info: Setting pcr sub-encoding to TS1/4 on input line 289.
Package textcomp Info: Setting phv sub-encoding to TS1/4 on input line 290.
Package textcomp Info: Setting ppl sub-encoding to TS1/3 on input line 291.
Package textcomp Info: Setting pag sub-encoding to TS1/4 on input line 292.
Package textcomp Info: Setting pbk sub-encoding to TS1/4 on input line 293.
Package textcomp Info: Setting pnc sub-encoding to TS1/4 on input line 294.
Package textcomp Info: Setting pzc sub-encoding to TS1/4 on input line 295.
Package textcomp Info: Setting bch sub-encoding to TS1/4 on input line 296.
Package textcomp Info: Setting put sub-encoding to TS1/5 on input line 297.
Package textcomp Info: Setting uag sub-encoding to TS1/5 on input line 298.
Package textcomp Info: Setting ugq sub-encoding to TS1/5 on input line 299.
Package textcomp Info: Setting ul8 sub-encoding to TS1/4 on input line 300.
Package textcomp Info: Setting ul9 sub-encoding to TS1/4 on input line 301.
Package textcomp Info: Setting augie sub-encoding to TS1/5 on input line 302.
Package textcomp Info: Setting dayrom sub-encoding to TS1/3 on input line 303.
Package textcomp Info: Setting dayroms sub-encoding to TS1/3 on input line 304.

Package textcomp Info: Setting pxr sub-encoding to TS1/0 on input line 305.
Package textcomp Info: Setting pxss sub-encoding to TS1/0 on input line 306.
Package textcomp Info: Setting pxtt sub-encoding to TS1/0 on input line 307.
Package textcomp Info: Setting txr sub-encoding to TS1/0 on input line 308.
Package textcomp Info: Setting txss sub-encoding to TS1/0 on input line 309.
Package textcomp Info: Setting txtt sub-encoding to TS1/0 on input line 310.
Package textcomp Info: Setting futs sub-encoding to TS1/4 on input line 311.
Package textcomp Info: Setting futx sub-encoding to TS1/4 on input line 312.
Package textcomp Info: Setting futj sub-encoding to TS1/4 on input line 313.
Package textcomp Info: Setting hlh sub-encoding to TS1/3 on input line 314.
Package textcomp Info: Setting hls sub-encoding to TS1/3 on input line 315.
Package textcomp Info: Setting hlst sub-encoding to TS1/3 on input line 316.
Package textcomp Info: Setting hlct sub-encoding to TS1/5 on input line 317.
Package textcomp Info: Setting hlx sub-encoding to TS1/5 on input line 318.
Package textcomp Info: Setting hlce sub-encoding to TS1/5 on input line 319.
Package textcomp Info: Setting hlcn sub-encoding to TS1/5 on input line 320.
Package textcomp Info: Setting hlcw sub-encoding to TS1/5 on input line 321.
Package textcomp Info: Setting hlcf sub-encoding to TS1/5 on input line 322.
Package textcomp Info: Setting pplx sub-encoding to TS1/3 on input line 323.
Package textcomp Info: Setting pplj sub-encoding to TS1/3 on input line 324.
Package textcomp Info: Setting ptmx sub-encoding to TS1/4 on input line 325.
Package textcomp Info: Setting ptmj sub-encoding to TS1/4 on input line 326.
) (/usr/share/texmf/tex/latex/paralist/paralist.sty
Package: paralist 2002/03/18 v2.3b Extended list environments (BS)
\pltopsep=\skip43
\plpartopsep=\skip44
\plitemsep=\skip45
\plparsep=\skip46
\pl@lab=\toks18
) (/usr/share/texmf/tex/latex/base/makeidx.sty
Package: makeidx 2000/03/29 v1.0m Standard LaTeX package
) (/usr/share/texmf/tex/latex/graphics/color.sty
Package: color 2005/11/14 v1.0j Standard LaTeX Color (DPC)
(/usr/lib/texmf/tex/latex/config/color.cfg
File: color.cfg 2007/01/18 v1.5 color configuration of teTeX/TeXLive
)
Package color Info: Driver file: pdftex.def on input line 130.
) (/usr/share/texmf/tex/latex/tools/calc.sty
Package: calc 2005/08/06 v4.2 Infix arithmetic (KKT,FJ)
\calc@Acount=\count108
\calc@Bcount=\count109
\calc@Adimen=\dimen112
\calc@Bdimen=\dimen113
\calc@Askip=\skip47
\calc@Bskip=\skip48
LaTeX Info: Redefining \setlength on input line 75.
LaTeX Info: Redefining \addtolength on input line 76.
\calc@Ccount=\count110
\calc@Cskip=\skip49
)
\c@actioncounter=\count111
(./pagesetup.cfg (/usr/share/texmf/tex/latex/fancyhdr/fancyhdr.sty
\fancy@headwidth=\skip50
\f@ncyO@elh=\skip51
\f@ncyO@erh=\skip52
\f@ncyO@olh=\skip53
\f@ncyO@orh=\skip54
\f@ncyO@elf=\skip55
\f@ncyO@erf=\skip56
\f@ncyO@olf=\skip57
\f@ncyO@orf=\skip58
))
\@indexfile=\write4
\openout4 = `EGADS_doc.idx'.

Writing index file EGADS_doc.idx
(./EGADS_doc.aux (./cover/doc_cover.aux))
\openout1 = `EGADS_doc.aux'.

LaTeX Font Info:    Checking defaults for OML/cmm/m/it on input line 73.
LaTeX Font Info:    ... okay on input line 73.
LaTeX Font Info:    Checking defaults for T1/cmr/m/n on input line 73.
LaTeX Font Info:    ... okay on input line 73.
LaTeX Font Info:    Checking defaults for OT1/cmr/m/n on input line 73.
LaTeX Font Info:    ... okay on input line 73.
LaTeX Font Info:    Checking defaults for OMS/cmsy/m/n on input line 73.
LaTeX Font Info:    ... okay on input line 73.
LaTeX Font Info:    Checking defaults for OMX/cmex/m/n on input line 73.
LaTeX Font Info:    ... okay on input line 73.
LaTeX Font Info:    Checking defaults for U/cmr/m/n on input line 73.
LaTeX Font Info:    ... okay on input line 73.
LaTeX Font Info:    Checking defaults for PD1/pdf/m/n on input line 73.
LaTeX Font Info:    ... okay on input line 73.
LaTeX Font Info:    Checking defaults for TS1/cmr/m/n on input line 73.
LaTeX Font Info:    Try loading font information for TS1+cmr on input line 73.
(/usr/share/texmf/tex/latex/base/ts1cmr.fd
File: ts1cmr.fd 1999/05/25 v2.5h Standard LaTeX font definitions
)
LaTeX Font Info:    ... okay on input line 73.
Package hyperref Info: Link coloring OFF on input line 73.
(/usr/share/texmf/tex/latex/hyperref/nameref.sty
Package: nameref 2006/12/27 v2.28 Cross-referencing by name of section
(/usr/share/texmf/tex/latex/oberdiek/refcount.sty
Package: refcount 2006/02/20 v3.0 Data extraction from references (HO)
)
\c@section@level=\count112
)
LaTeX Info: Redefining \ref on input line 73.
LaTeX Info: Redefining \pageref on input line 73.
(./EGADS_doc.out) (./EGADS_doc.out)
\@outlinefile=\write5
\openout5 = `EGADS_doc.out'.

\openout2 = `cover/doc_cover.aux'.

(./cover/doc_cover.tex <cover/eufar_a_sm.pdf, id=79, 2509.375pt x 1505.625pt>
File: cover/eufar_a_sm.pdf Graphic file (type pdf)
<use cover/eufar_a_sm.pdf>) [1


{/var/lib/texmf/fonts/map/pdftex/updmap/pdftex.map} <./cover/eufar_a_sm.pdf

pdfTeX warning: pdflatex (file ./cover/eufar_a_sm.pdf): PDF inclusion: Page Gro
up detected which pdfTeX can't handle. Ignoring it.
>] (./EGADS_doc.toc
LaTeX Font Info:    External font `cmex10' loaded for size
(Font)              <10.95> on input line 3.
LaTeX Font Info:    External font `cmex10' loaded for size
(Font)              <8> on input line 3.
LaTeX Font Info:    External font `cmex10' loaded for size
(Font)              <6> on input line 3.
)
\tf@toc=\write6
\openout6 = `EGADS_doc.toc'.

[2


]
Chapter 1.
[1

]
Chapter 2.

Overfull \hbox (21.16096pt too wide) in paragraph at lines 127--128
[]\OT1/cmr/m/n/10.95 0.8.2. Avail-able at []http://code.google.com/p/netcdf4-py
thon/[]. 
 []


Overfull \hbox (58.9783pt too wide) in paragraph at lines 136--139
[]\OT1/cmr/m/n/10.95 An op-tional pack-age which sim-pli-fies Python com-mand l
ine us-age ([]http://ipython.scipy.org[]).
 []

[2

]
File: cover/eufar_a_sm.pdf Graphic file (type pdf)
<use cover/eufar_a_sm.pdf>

Package Fancyhdr Warning: \headheight is too small (28.90755pt): 
 Make it at least 46.74266pt.
 We now make it that large for the rest of the document.
 This may cause the page layout to be inconsistent, however.

[3]
Chapter 3.

LaTeX Font Warning: Font shape `OT1/cmr/bx/sc' undefined
(Font)              using `OT1/cmr/bx/n' instead on input line 171.

[4

]
Overfull \hbox (2.56822pt too wide) in paragraph at lines 216--218
\OT1/cmr/m/n/10.95 To open a text file the []\OT1/cmtt/m/n/10.95 EgadsFile() \O
T1/cmr/m/n/10.95 class, use the []\OT1/cmtt/m/n/10.95 open(pathname, permission
s) \OT1/cmr/m/n/10.95 method: 
 []

File: cover/eufar_a_sm.pdf Graphic file (type pdf)
<use cover/eufar_a_sm.pdf>

Package Fancyhdr Warning: \headheight is too small (28.90755pt): 
 Make it at least 46.74266pt.
 We now make it that large for the rest of the document.
 This may cause the page layout to be inconsistent, however.

[5]
Overfull \hbox (81.61977pt too wide) in paragraph at lines 313--315
\OT1/cmr/m/n/10.95 To open a text file the []\OT1/cmtt/m/n/10.95 EgadsCSV() \OT
1/cmr/m/n/10.95 class, use the []\OT1/cmtt/m/n/10.95 open(pathname, permissions
, delimiter, quotechar)
 []

File: cover/eufar_a_sm.pdf Graphic file (type pdf)
<use cover/eufar_a_sm.pdf>

Package Fancyhdr Warning: \headheight is too small (28.90755pt): 
 Make it at least 46.74266pt.
 We now make it that large for the rest of the document.
 This may cause the page layout to be inconsistent, however.

[6]
File: cover/eufar_a_sm.pdf Graphic file (type pdf)
<use cover/eufar_a_sm.pdf>

Package Fancyhdr Warning: \headheight is too small (28.90755pt): 
 Make it at least 46.74266pt.
 We now make it that large for the rest of the document.
 This may cause the page layout to be inconsistent, however.

[7]
Overfull \hbox (19.08017pt too wide) in paragraph at lines 426--430
\OT1/cmr/m/sc/10.95 Egads \OT1/cmr/m/n/10.95 pro-vides two classes to work with
 NetCDF files. The sim-plest, []\OT1/cmtt/m/n/10.95 egads.input.NetCdf()\OT1/cm
r/m/n/10.95 ,
 []


Overfull \hbox (22.51112pt too wide) in paragraph at lines 426--430
\OT1/cmr/m/n/10.95 al-lows sim-ple read-/write op-er-a-tions to NetCDF files. T
he other, []\OT1/cmtt/m/n/10.95 egads.input.EgadsNetCdf()\OT1/cmr/m/n/10.95 ,
 []

File: cover/eufar_a_sm.pdf Graphic file (type pdf)
<use cover/eufar_a_sm.pdf>

Package Fancyhdr Warning: \headheight is too small (28.90755pt): 
 Make it at least 46.74266pt.
 We now make it that large for the rest of the document.
 This may cause the page layout to be inconsistent, however.

[8]
Overfull \hbox (10.1408pt too wide) in paragraph at lines 481--482
[][]\OT1/cmtt/m/n/10.95 f.add_attribute(attr_name, attr_value, var_name) \OT1/c
mr/m/n/10.95 -- add at-tribute to []\OT1/cmtt/m/n/10.95 var_name 
 []

File: cover/eufar_a_sm.pdf Graphic file (type pdf)
<use cover/eufar_a_sm.pdf>

Package Fancyhdr Warning: \headheight is too small (28.90755pt): 
 Make it at least 46.74266pt.
 We now make it that large for the rest of the document.
 This may cause the page layout to be inconsistent, however.

[9]
File: cover/eufar_a_sm.pdf Graphic file (type pdf)
<use cover/eufar_a_sm.pdf>

Package Fancyhdr Warning: \headheight is too small (28.90755pt): 
 Make it at least 46.74266pt.
 We now make it that large for the rest of the document.
 This may cause the page layout to be inconsistent, however.

[10] (/usr/share/texmf/tex/latex/listings/lstlang1.sty
File: lstlang1.sty 2004/09/05 1.3 listings language file
) (./example.py
File: cover/eufar_a_sm.pdf Graphic file (type pdf)
<use cover/eufar_a_sm.pdf>

Package Fancyhdr Warning: \headheight is too small (28.90755pt): 
 Make it at least 46.74266pt.
 We now make it that large for the rest of the document.
 This may cause the page layout to be inconsistent, however.

[11])
File: cover/eufar_a_sm.pdf Graphic file (type pdf)
<use cover/eufar_a_sm.pdf>

Package Fancyhdr Warning: \headheight is too small (28.90755pt): 
 Make it at least 46.74266pt.
 We now make it that large for the rest of the document.
 This may cause the page layout to be inconsistent, however.

[12]
Appendix A.

Package hyperref Warning: Difference (2) between bookmark levels is greater 
(hyperref)                than one, level fixed on input line 661.


Underfull \hbox (badness 10000) in paragraph at lines 684--684
[]\OT1/cmr/bx/n/10.95 egads.EgadsFile
 []


Underfull \hbox (badness 10000) in paragraph at lines 684--684
\OT1/cmr/bx/n/10.95 (file-name=None,
 []


Overfull \hbox (8.544pt too wide) in paragraph at lines 699--704
[][] 
 []

[13

] (./EGADS_doc.aux (./cover/doc_cover.aux))

LaTeX Font Warning: Some font shapes were not available, defaults substituted.

 ) 
Here is how much of TeX's memory you used:
 5079 strings out of 94079
 71921 string characters out of 1167486
 134171 words of memory out of 3500000
 8223 multiletter control sequences out of 10000+50000
 12679 words of font info for 45 fonts, out of 1200000 for 2000
 645 hyphenation exceptions out of 8191
 34i,16n,43p,288b,1703s stack positions out of 5000i,500n,6000p,200000b,5000s
{/usr/share/texmf/fonts/enc/dvips/cm-super/cm-super-ts1.enc}</usr/share/texmf
/fonts/type1/bluesky/cm/cmbx10.pfb></usr/share/texmf/fonts/type1/bluesky/cm/cmb
x12.pfb></usr/share/texmf/fonts/type1/bluesky/cm/cmbx9.pfb></usr/share/texmf/fo
nts/type1/bluesky/cm/cmcsc10.pfb></usr/share/texmf/fonts/type1/bluesky/cm/cmr10
.pfb></usr/share/texmf/fonts/type1/bluesky/cm/cmr6.pfb></usr/share/texmf/fonts/
type1/bluesky/cm/cmr9.pfb></usr/share/texmf/fonts/type1/bluesky/cm/cmsl10.pfb><
/usr/share/texmf/fonts/type1/bluesky/cm/cmss10.pfb></usr/share/texmf/fonts/type
1/bluesky/cm/cmsy10.pfb></usr/share/texmf/fonts/type1/bluesky/cm/cmtcsc10.pfb><
/usr/share/texmf/fonts/type1/bluesky/cm/cmti10.pfb></usr/share/texmf/fonts/type
1/bluesky/cm/cmtt10.pfb></usr/share/texmf/fonts/type1/bluesky/cm/cmtt9.pfb></us
r/share/texmf/fonts/type1/public/cm-super/sfrm0900.pfb></usr/share/texmf/fonts/
type1/public/cm-super/sfrm1095.pfb>
Output written on EGADS_doc.pdf (15 pages, 469114 bytes).
PDF statistics:
 327 PDF objects out of 1000 (max. 8388607)
 78 named destinations out of 1000 (max. 131072)
 166 words of extra memory for PDF output out of 10000 (max. 10000000)

